<?xml version="1.0" encoding="UTF-8"?>
<!-- Generated by org.testng.reporters.JUnitXMLReporter -->
<testsuite hostname="aniroy-mn2.linkedin.biz" ignored="1" name="Command line test" tests="3" failures="2" timestamp="14 Sep 2020 11:05:29 GMT" time="113.159" errors="0">
  <testcase name="testTemperature" time="56.83" classname="com.qa.ndtv.test.weather.TemperatureTest">
    <failure type="java.lang.AssertionError" message="expected [true] but found [false]">
      <![CDATA[java.lang.AssertionError: expected [true] but found [false]
at com.qa.ndtv.test.weather.TemperatureTest.testTemperature(TemperatureTest.java:42)
at java.util.concurrent.FutureTask.run(FutureTask.java:266)
at java.util.concurrent.Executors$RunnableAdapter.call(Executors.java:511)
at java.util.concurrent.FutureTask.run(FutureTask.java:266)
at java.util.concurrent.ThreadPoolExecutor.runWorker(ThreadPoolExecutor.java:1149)
at java.util.concurrent.ThreadPoolExecutor$Worker.run(ThreadPoolExecutor.java:624)
at java.lang.Thread.run(Thread.java:748)
... Removed 13 stack frames]]>
    </failure>
  </testcase> <!-- testTemperature -->
  <testcase name="testTemperature" time="55.535" classname="com.qa.ndtv.test.weather.TemperatureTest">
    <failure type="java.lang.AssertionError" message="Temperature of weather in ui 86.0 in farenheit is not within permissable range of 5.0 with the temperature in api 91.4 expected [true] but found [false]">
      <![CDATA[java.lang.AssertionError: Temperature of weather in ui 86.0 in farenheit is not within permissable range of 5.0 with the temperature in api 91.4 expected [true] but found [false]
at com.qa.ndtv.test.weather.TemperatureTest.testTemperature(TemperatureTest.java:74)
at java.util.concurrent.FutureTask.run(FutureTask.java:266)
at java.util.concurrent.Executors$RunnableAdapter.call(Executors.java:511)
at java.util.concurrent.FutureTask.run(FutureTask.java:266)
at java.util.concurrent.ThreadPoolExecutor.runWorker(ThreadPoolExecutor.java:1149)
at java.util.concurrent.ThreadPoolExecutor$Worker.run(ThreadPoolExecutor.java:624)
at java.lang.Thread.run(Thread.java:748)
... Removed 12 stack frames]]>
    </failure>
  </testcase> <!-- testTemperature -->
  <testcase name="testTemperature" time="52.155" classname="com.qa.ndtv.test.weather.TemperatureTest"/>
  <testcase name="@BeforeTest beforeTest" time="0.0" classname="com.qa.ndtv.core.BaseTest">
    <ignored/>
  </testcase> <!-- @BeforeTest beforeTest -->
</testsuite> <!-- Command line test -->
